[0.016s] Invoking command in '/home/youssefchebil/dev_ws/build/first_package': DEBUGINFOD_URLS=https://debuginfod.ubuntu.com /usr/bin/cmake --build /home/youssefchebil/dev_ws/build/first_package -- -j5 -l5
[0.042s] -- Found ament_cmake: 2.5.2 (/home/youssefchebil/ros2_jazzy_linux/ros2-linux/share/ament_cmake/cmake)
[0.211s] -- Override CMake install command with custom implementation using symlinks instead of copying resources
[0.217s] -- Found ament_lint_auto: 0.17.1 (/home/youssefchebil/ros2_jazzy_linux/ros2-linux/share/ament_lint_auto/cmake)
[0.273s] Error parsing '/home/youssefchebil/dev_ws/src/first_package/package.xml':
[0.330s] Traceback (most recent call last):
[0.331s]   File "/home/youssefchebil/ros2_jazzy_linux/ros2-linux/share/ament_cmake_core/cmake/core/package_xml_2_cmake.py", line 150, in <module>
[0.331s]     main()
[0.331s]   File "/home/youssefchebil/ros2_jazzy_linux/ros2-linux/share/ament_cmake_core/cmake/core/package_xml_2_cmake.py", line 53, in main
[0.331s]     raise e
[0.331s]   File "/home/youssefchebil/ros2_jazzy_linux/ros2-linux/share/ament_cmake_core/cmake/core/package_xml_2_cmake.py", line 49, in main
[0.331s]     package = parse_package_string(
[0.331s]               ^^^^^^^^^^^^^^^^^^^^^
[0.331s]   File "/usr/lib/python3/dist-packages/catkin_pkg/package.py", line 786, in parse_package_string
[0.333s]     raise InvalidPackage('Error(s):%s' % (''.join(['\n- %s' % e for e in errors])), filename)
[0.333s] catkin_pkg.package.InvalidPackage: Error(s) in package '/home/youssefchebil/dev_ws/src/first_package/package.xml':
[0.333s] Error(s):
[0.333s] - The manifest of package "first_package" (with format version 3) must not contain the following tags: run_depend
[0.333s] - Please replace <run_depend> tags with <exec_depend> tags.
[0.343s] [31mCMake Error at /home/youssefchebil/ros2_jazzy_linux/ros2-linux/share/ament_cmake_core/cmake/core/ament_package_xml.cmake:95 (message):
[0.343s]   execute_process(/usr/bin/python3
[0.343s]   /home/youssefchebil/ros2_jazzy_linux/ros2-linux/share/ament_cmake_core/cmake/core/package_xml_2_cmake.py
[0.343s]   /home/youssefchebil/dev_ws/src/first_package/package.xml
[0.344s]   /home/youssefchebil/dev_ws/build/first_package/ament_cmake_core/package.cmake)
[0.344s]   returned error code 1
[0.344s] Call Stack (most recent call first):
[0.344s]   /home/youssefchebil/ros2_jazzy_linux/ros2-linux/share/ament_cmake_core/cmake/core/ament_package_xml.cmake:49 (_ament_package_xml)
[0.344s]   /home/youssefchebil/ros2_jazzy_linux/ros2-linux/share/ament_lint_auto/cmake/ament_lint_auto_find_test_dependencies.cmake:31 (ament_package_xml)
[0.344s]   CMakeLists.txt:23 (ament_lint_auto_find_test_dependencies)
[0.344s] 
[0.344s] [0m
[0.344s] -- Configuring incomplete, errors occurred!
[0.350s] gmake: *** [Makefile:226: cmake_check_build_system] Error 1
[0.351s] Invoked command in '/home/youssefchebil/dev_ws/build/first_package' returned '2': DEBUGINFOD_URLS=https://debuginfod.ubuntu.com /usr/bin/cmake --build /home/youssefchebil/dev_ws/build/first_package -- -j5 -l5
