-- Found ament_cmake: 2.5.2 (/home/youssefchebil/ros2_jazzy_linux/ros2-linux/share/ament_cmake/cmake)
-- Override CMake install command with custom implementation using symlinks instead of copying resources
-- Found ament_lint_auto: 0.17.1 (/home/youssefchebil/ros2_jazzy_linux/ros2-linux/share/ament_lint_auto/cmake)
Error parsing '/home/youssefchebil/dev_ws/src/first_package/package.xml':
Traceback (most recent call last):
  File "/home/youssefchebil/ros2_jazzy_linux/ros2-linux/share/ament_cmake_core/cmake/core/package_xml_2_cmake.py", line 150, in <module>
    main()
  File "/home/youssefchebil/ros2_jazzy_linux/ros2-linux/share/ament_cmake_core/cmake/core/package_xml_2_cmake.py", line 53, in main
    raise e
  File "/home/youssefchebil/ros2_jazzy_linux/ros2-linux/share/ament_cmake_core/cmake/core/package_xml_2_cmake.py", line 49, in main
    package = parse_package_string(
              ^^^^^^^^^^^^^^^^^^^^^
  File "/usr/lib/python3/dist-packages/catkin_pkg/package.py", line 786, in parse_package_string
    raise InvalidPackage('Error(s):%s' % (''.join(['\n- %s' % e for e in errors])), filename)
catkin_pkg.package.InvalidPackage: Error(s) in package '/home/youssefchebil/dev_ws/src/first_package/package.xml':
Error(s):
- The manifest of package "first_package" (with format version 3) must not contain the following tags: run_depend
- Please replace <run_depend> tags with <exec_depend> tags.
-- Configuring incomplete, errors occurred!
[31mCMake Error at /home/youssefchebil/ros2_jazzy_linux/ros2-linux/share/ament_cmake_core/cmake/core/ament_package_xml.cmake:95 (message):
  execute_process(/usr/bin/python3
  /home/youssefchebil/ros2_jazzy_linux/ros2-linux/share/ament_cmake_core/cmake/core/package_xml_2_cmake.py
  /home/youssefchebil/dev_ws/src/first_package/package.xml
  /home/youssefchebil/dev_ws/build/first_package/ament_cmake_core/package.cmake)
  returned error code 1
Call Stack (most recent call first):
  /home/youssefchebil/ros2_jazzy_linux/ros2-linux/share/ament_cmake_core/cmake/core/ament_package_xml.cmake:49 (_ament_package_xml)
  /home/youssefchebil/ros2_jazzy_linux/ros2-linux/share/ament_lint_auto/cmake/ament_lint_auto_find_test_dependencies.cmake:31 (ament_package_xml)
  CMakeLists.txt:23 (ament_lint_auto_find_test_dependencies)

[0m
gmake: *** [Makefile:226: cmake_check_build_system] Error 1
